# JRE version: OpenJDK Runtime Environment (17.0.11) (build 17.0.11+0--11852314)
# Java VM: OpenJDK 64-Bit Server VM (17.0.11+0--11852314, mixed mode, tiered, compressed oops, compressed class ptrs, g1 gc, windows-amd64)
GC Precious Log:
 CPUs: 16 total, 16 available
 Memory: 15789M
 Large Page Support: Disabled
 NUMA Support: Disabled
 Compressed Oops: Enabled (32-bit)
 Heap Region Size: 1M
 Heap Min Capacity: 8M
 Heap Initial Capacity: 248M
 Heap Max Capacity: 2G
 Pre-touch: Disabled
 Parallel Workers: 13
 Concurrent Workers: 3
 Concurrent Refinement Workers: 13
 Periodic GC: Disabled
Heap:
 garbage-first heap   total 253952K, used 172491K [0x0000000080000000, 0x0000000100000000)
  region size 1024K, 2 young (2048K), 2 survivors (2048K)
 Metaspace       used 141849K, committed 142784K, reserved 1179648K
  class space    used 19969K, committed 20416K, reserved 1048576K
GC Heap History (20 events):
Event: 24.799 GC heap after
{Heap after GC invocations=46 (full 0):
 garbage-first heap   total 241664K, used 145865K [0x0000000080000000, 0x0000000100000000)
  region size 1024K, 9 young (9216K), 9 survivors (9216K)
 Metaspace       used 114647K, committed 115520K, reserved 1179648K
  class space    used 15384K, committed 15808K, reserved 1048576K
}
Event: 25.625 GC heap before
{Heap before GC invocations=46 (full 0):
 garbage-first heap   total 241664K, used 197065K [0x0000000080000000, 0x0000000100000000)
  region size 1024K, 58 young (59392K), 9 survivors (9216K)
 Metaspace       used 117646K, committed 118464K, reserved 1179648K
  class space    used 15746K, committed 16128K, reserved 1048576K
}
Event: 25.629 GC heap after
{Heap after GC invocations=47 (full 0):
 garbage-first heap   total 241664K, used 141519K [0x0000000080000000, 0x0000000100000000)
  region size 1024K, 2 young (2048K), 2 survivors (2048K)
 Metaspace       used 117646K, committed 118464K, reserved 1179648K
  class space    used 15746K, committed 16128K, reserved 1048576K
}
Event: 25.891 GC heap before
{Heap before GC invocations=47 (full 0):
 garbage-first heap   total 241664K, used 159951K [0x0000000080000000, 0x0000000100000000)
  region size 1024K, 22 young (22528K), 2 survivors (2048K)
 Metaspace       used 119024K, committed 119808K, reserved 1179648K
  class space    used 15971K, committed 16384K, reserved 1048576K
}
Event: 25.893 GC heap after
{Heap after GC invocations=48 (full 0):
 garbage-first heap   total 241664K, used 142085K [0x0000000080000000, 0x0000000100000000)
  region size 1024K, 3 young (3072K), 3 survivors (3072K)
 Metaspace       used 119024K, committed 119808K, reserved 1179648K
  class space    used 15971K, committed 16384K, reserved 1048576K
}
Event: 26.804 GC heap before
{Heap before GC invocations=49 (full 0):
 garbage-first heap   total 241664K, used 191237K [0x0000000080000000, 0x0000000100000000)
  region size 1024K, 59 young (60416K), 3 survivors (3072K)
 Metaspace       used 124342K, committed 125120K, reserved 1179648K
  class space    used 16887K, committed 17280K, reserved 1048576K
}
Event: 26.817 GC heap after
{Heap after GC invocations=50 (full 0):
 garbage-first heap   total 241664K, used 142695K [0x0000000080000000, 0x0000000100000000)
  region size 1024K, 8 young (8192K), 8 survivors (8192K)
 Metaspace       used 124342K, committed 125120K, reserved 1179648K
  class space    used 16887K, committed 17280K, reserved 1048576K
}
Event: 26.875 GC heap before
{Heap before GC invocations=50 (full 0):
 garbage-first heap   total 241664K, used 145767K [0x0000000080000000, 0x0000000100000000)
  region size 1024K, 11 young (11264K), 8 survivors (8192K)
 Metaspace       used 124706K, committed 125504K, reserved 1179648K
  class space    used 16963K, committed 17344K, reserved 1048576K
}
Event: 26.888 GC heap after
{Heap after GC invocations=51 (full 0):
 garbage-first heap   total 241664K, used 121577K [0x0000000080000000, 0x0000000100000000)
  region size 1024K, 2 young (2048K), 2 survivors (2048K)
 Metaspace       used 124706K, committed 125504K, reserved 1179648K
  class space    used 16963K, committed 17344K, reserved 1048576K
}
Event: 27.754 GC heap before
{Heap before GC invocations=51 (full 0):
 garbage-first heap   total 241664K, used 193257K [0x0000000080000000, 0x0000000100000000)
  region size 1024K, 73 young (74752K), 2 survivors (2048K)
 Metaspace       used 133133K, committed 134016K, reserved 1179648K
  class space    used 18529K, committed 18944K, reserved 1048576K
}
Event: 27.763 GC heap after
{Heap after GC invocations=52 (full 0):
 garbage-first heap   total 241664K, used 124337K [0x0000000080000000, 0x0000000100000000)
  region size 1024K, 4 young (4096K), 4 survivors (4096K)
 Metaspace       used 133133K, committed 134016K, reserved 1179648K
  class space    used 18529K, committed 18944K, reserved 1048576K
}
Event: 28.296 GC heap before
{Heap before GC invocations=53 (full 0):
 garbage-first heap   total 241664K, used 193969K [0x0000000080000000, 0x0000000100000000)
  region size 1024K, 75 young (76800K), 4 survivors (4096K)
 Metaspace       used 137675K, committed 138496K, reserved 1179648K
  class space    used 19327K, committed 19712K, reserved 1048576K
}
Event: 28.304 GC heap after
{Heap after GC invocations=54 (full 0):
 garbage-first heap   total 241664K, used 126737K [0x0000000080000000, 0x0000000100000000)
  region size 1024K, 9 young (9216K), 9 survivors (9216K)
 Metaspace       used 137675K, committed 138496K, reserved 1179648K
  class space    used 19327K, committed 19712K, reserved 1048576K
}
Event: 28.316 GC heap before
{Heap before GC invocations=54 (full 0):
 garbage-first heap   total 241664K, used 128785K [0x0000000080000000, 0x0000000100000000)
  region size 1024K, 11 young (11264K), 9 survivors (9216K)
 Metaspace       used 137812K, committed 138688K, reserved 1179648K
  class space    used 19363K, committed 19776K, reserved 1048576K
}
Event: 28.325 GC heap after
{Heap after GC invocations=55 (full 0):
 garbage-first heap   total 241664K, used 124181K [0x0000000080000000, 0x0000000100000000)
  region size 1024K, 1 young (1024K), 1 survivors (1024K)
 Metaspace       used 137812K, committed 138688K, reserved 1179648K
  class space    used 19363K, committed 19776K, reserved 1048576K
}
Event: 29.369 GC heap before
{Heap before GC invocations=55 (full 0):
 garbage-first heap   total 241664K, used 228629K [0x0000000080000000, 0x0000000100000000)
  region size 1024K, 71 young (72704K), 1 survivors (1024K)
 Metaspace       used 141848K, committed 142784K, reserved 1179648K
  class space    used 19969K, committed 20416K, reserved 1048576K
}
Event: 29.374 GC heap after
{Heap after GC invocations=56 (full 0):
 garbage-first heap   total 241664K, used 158174K [0x0000000080000000, 0x0000000100000000)
  region size 1024K, 2 young (2048K), 2 survivors (2048K)
 Metaspace       used 141848K, committed 142784K, reserved 1179648K
  class space    used 19969K, committed 20416K, reserved 1048576K
}
Event: 29.395 GC heap before
{Heap before GC invocations=56 (full 0):
 garbage-first heap   total 241664K, used 176606K [0x0000000080000000, 0x0000000100000000)
  region size 1024K, 3 young (3072K), 2 survivors (2048K)
 Metaspace       used 141848K, committed 142784K, reserved 1179648K
  class space    used 19969K, committed 20416K, reserved 1048576K
}
Event: 29.399 GC heap after
{Heap after GC invocations=57 (full 0):
 garbage-first heap   total 241664K, used 170522K [0x0000000080000000, 0x0000000100000000)
  region size 1024K, 2 young (2048K), 2 survivors (2048K)
 Metaspace       used 141848K, committed 142784K, reserved 1179648K
  class space    used 19969K, committed 20416K, reserved 1048576K
}
Event: 29.404 GC heap before
{Heap before GC invocations=57 (full 0):
 garbage-first heap   total 241664K, used 174618K [0x0000000080000000, 0x0000000100000000)
  region size 1024K, 3 young (3072K), 2 survivors (2048K)
 Metaspace       used 141849K, committed 142784K, reserved 1179648K
  class space    used 19969K, committed 20416K, reserved 1048576K
}

